
> siscamchaccha-whatsapp-bot@1.0.0 start
> node src/app.js

SISCAMCHACCHA bot listo. Escanea el QR para iniciar.

🚩 ESCANEAR QR 🚩
Existen varias maneras de escanear el QR code
- Tambien puedes visitar  http://localhost:3001
- Se ha creado un archivo que finaliza  qr.png

Accion requerida: {
  instructions: [
    'Debes escanear el QR generado en bot.qr.png.',
    'Tambien puedes abrir el portal web local para verlo.'
  ]
}
⚡⚡ ACCIÓN REQUERIDA ⚡⚡
Debes escanear el QR generado en bot.qr.png.
Tambien puedes abrir el portal web local para verlo.

Accion requerida: {
  instructions: [
    'Debes escanear el QR generado en bot.qr.png.',
    'Tambien puedes abrir el portal web local para verlo.'
  ]
}
⚡⚡ ACCIÓN REQUERIDA ⚡⚡
Debes escanear el QR generado en bot.qr.png.
Tambien puedes abrir el portal web local para verlo.

Accion requerida: {
  instructions: [
    'Debes escanear el QR generado en bot.qr.png.',
    'Tambien puedes abrir el portal web local para verlo.'
  ]
}
⚡⚡ ACCIÓN REQUERIDA ⚡⚡
Debes escanear el QR generado en bot.qr.png.
Tambien puedes abrir el portal web local para verlo.

Accion requerida: {
  instructions: [
    'Debes escanear el QR generado en bot.qr.png.',
    'Tambien puedes abrir el portal web local para verlo.'
  ]
}
⚡⚡ ACCIÓN REQUERIDA ⚡⚡
Debes escanear el QR generado en bot.qr.png.
Tambien puedes abrir el portal web local para verlo.

Accion requerida: {
  instructions: [
    'Debes escanear el QR generado en bot.qr.png.',
    'Tambien puedes abrir el portal web local para verlo.'
  ]
}
⚡⚡ ACCIÓN REQUERIDA ⚡⚡
Debes escanear el QR generado en bot.qr.png.
Tambien puedes abrir el portal web local para verlo.

Accion requerida: {
  instructions: [
    'Debes escanear el QR generado en bot.qr.png.',
    'Tambien puedes abrir el portal web local para verlo.'
  ]
}
⚡⚡ ACCIÓN REQUERIDA ⚡⚡
Debes escanear el QR generado en bot.qr.png.
Tambien puedes abrir el portal web local para verlo.

Aviso del proveedor: Conexion cerrada temporalmente. Codigo: 408
Conexion cerrada temporalmente. Codigo: 408

Accion requerida: {
  instructions: [
    'Debes escanear el QR generado en bot.qr.png.',
    'Tambien puedes abrir el portal web local para verlo.'
  ]
}
⚡⚡ ACCIÓN REQUERIDA ⚡⚡
Debes escanear el QR generado en bot.qr.png.
Tambien puedes abrir el portal web local para verlo.

Accion requerida: {
  instructions: [
    'Debes escanear el QR generado en bot.qr.png.',
    'Tambien puedes abrir el portal web local para verlo.'
  ]
}
⚡⚡ ACCIÓN REQUERIDA ⚡⚡
Debes escanear el QR generado en bot.qr.png.
Tambien puedes abrir el portal web local para verlo.

Accion requerida: {
  instructions: [
    'Debes escanear el QR generado en bot.qr.png.',
    'Tambien puedes abrir el portal web local para verlo.'
  ]
}
⚡⚡ ACCIÓN REQUERIDA ⚡⚡
Debes escanear el QR generado en bot.qr.png.
Tambien puedes abrir el portal web local para verlo.

Accion requerida: {
  instructions: [
    'Debes escanear el QR generado en bot.qr.png.',
    'Tambien puedes abrir el portal web local para verlo.'
  ]
}
⚡⚡ ACCIÓN REQUERIDA ⚡⚡
Debes escanear el QR generado en bot.qr.png.
Tambien puedes abrir el portal web local para verlo.

Accion requerida: {
  instructions: [
    'Debes escanear el QR generado en bot.qr.png.',
    'Tambien puedes abrir el portal web local para verlo.'
  ]
}
⚡⚡ ACCIÓN REQUERIDA ⚡⚡
Debes escanear el QR generado en bot.qr.png.
Tambien puedes abrir el portal web local para verlo.

Accion requerida: {
  instructions: [
    'Debes escanear el QR generado en bot.qr.png.',
    'Tambien puedes abrir el portal web local para verlo.'
  ]
}
⚡⚡ ACCIÓN REQUERIDA ⚡⚡
Debes escanear el QR generado en bot.qr.png.
Tambien puedes abrir el portal web local para verlo.

Aviso del proveedor: Conexion cerrada temporalmente. Codigo: 408
Conexion cerrada temporalmente. Codigo: 408

Accion requerida: {
  instructions: [
    'Debes escanear el QR generado en bot.qr.png.',
    'Tambien puedes abrir el portal web local para verlo.'
  ]
}
⚡⚡ ACCIÓN REQUERIDA ⚡⚡
Debes escanear el QR generado en bot.qr.png.
Tambien puedes abrir el portal web local para verlo.

Accion requerida: {
  instructions: [
    'Debes escanear el QR generado en bot.qr.png.',
    'Tambien puedes abrir el portal web local para verlo.'
  ]
}
⚡⚡ ACCIÓN REQUERIDA ⚡⚡
Debes escanear el QR generado en bot.qr.png.
Tambien puedes abrir el portal web local para verlo.

Accion requerida: {
  instructions: [
    'Debes escanear el QR generado en bot.qr.png.',
    'Tambien puedes abrir el portal web local para verlo.'
  ]
}
⚡⚡ ACCIÓN REQUERIDA ⚡⚡
Debes escanear el QR generado en bot.qr.png.
Tambien puedes abrir el portal web local para verlo.

Accion requerida: {
  instructions: [
    'Debes escanear el QR generado en bot.qr.png.',
    'Tambien puedes abrir el portal web local para verlo.'
  ]
}
⚡⚡ ACCIÓN REQUERIDA ⚡⚡
Debes escanear el QR generado en bot.qr.png.
Tambien puedes abrir el portal web local para verlo.

Accion requerida: {
  instructions: [
    'Debes escanear el QR generado en bot.qr.png.',
    'Tambien puedes abrir el portal web local para verlo.'
  ]
}
⚡⚡ ACCIÓN REQUERIDA ⚡⚡
Debes escanear el QR generado en bot.qr.png.
Tambien puedes abrir el portal web local para verlo.

Accion requerida: {
  instructions: [
    'Debes escanear el QR generado en bot.qr.png.',
    'Tambien puedes abrir el portal web local para verlo.'
  ]
}
⚡⚡ ACCIÓN REQUERIDA ⚡⚡
Debes escanear el QR generado en bot.qr.png.
Tambien puedes abrir el portal web local para verlo.

Aviso del proveedor: Conexion cerrada temporalmente. Codigo: 408
Conexion cerrada temporalmente. Codigo: 408

Accion requerida: {
  instructions: [
    'Debes escanear el QR generado en bot.qr.png.',
    'Tambien puedes abrir el portal web local para verlo.'
  ]
}
⚡⚡ ACCIÓN REQUERIDA ⚡⚡
Debes escanear el QR generado en bot.qr.png.
Tambien puedes abrir el portal web local para verlo.

Accion requerida: {
  instructions: [
    'Debes escanear el QR generado en bot.qr.png.',
    'Tambien puedes abrir el portal web local para verlo.'
  ]
}
⚡⚡ ACCIÓN REQUERIDA ⚡⚡
Debes escanear el QR generado en bot.qr.png.
Tambien puedes abrir el portal web local para verlo.

Accion requerida: {
  instructions: [
    'Debes escanear el QR generado en bot.qr.png.',
    'Tambien puedes abrir el portal web local para verlo.'
  ]
}
⚡⚡ ACCIÓN REQUERIDA ⚡⚡
Debes escanear el QR generado en bot.qr.png.
Tambien puedes abrir el portal web local para verlo.

Accion requerida: {
  instructions: [
    'Debes escanear el QR generado en bot.qr.png.',
    'Tambien puedes abrir el portal web local para verlo.'
  ]
}
⚡⚡ ACCIÓN REQUERIDA ⚡⚡
Debes escanear el QR generado en bot.qr.png.
Tambien puedes abrir el portal web local para verlo.

Accion requerida: {
  instructions: [
    'Debes escanear el QR generado en bot.qr.png.',
    'Tambien puedes abrir el portal web local para verlo.'
  ]
}
⚡⚡ ACCIÓN REQUERIDA ⚡⚡
Debes escanear el QR generado en bot.qr.png.
Tambien puedes abrir el portal web local para verlo.

Accion requerida: {
  instructions: [
    'Debes escanear el QR generado en bot.qr.png.',
    'Tambien puedes abrir el portal web local para verlo.'
  ]
}
⚡⚡ ACCIÓN REQUERIDA ⚡⚡
Debes escanear el QR generado en bot.qr.png.
Tambien puedes abrir el portal web local para verlo.

Aviso del proveedor: Conexion cerrada temporalmente. Codigo: 408
Conexion cerrada temporalmente. Codigo: 408

Accion requerida: {
  instructions: [
    'Debes escanear el QR generado en bot.qr.png.',
    'Tambien puedes abrir el portal web local para verlo.'
  ]
}
⚡⚡ ACCIÓN REQUERIDA ⚡⚡
Debes escanear el QR generado en bot.qr.png.
Tambien puedes abrir el portal web local para verlo.

Accion requerida: {
  instructions: [
    'Debes escanear el QR generado en bot.qr.png.',
    'Tambien puedes abrir el portal web local para verlo.'
  ]
}
⚡⚡ ACCIÓN REQUERIDA ⚡⚡
Debes escanear el QR generado en bot.qr.png.
Tambien puedes abrir el portal web local para verlo.

Accion requerida: {
  instructions: [
    'Debes escanear el QR generado en bot.qr.png.',
    'Tambien puedes abrir el portal web local para verlo.'
  ]
}
⚡⚡ ACCIÓN REQUERIDA ⚡⚡
Debes escanear el QR generado en bot.qr.png.
Tambien puedes abrir el portal web local para verlo.

Accion requerida: {
  instructions: [
    'Debes escanear el QR generado en bot.qr.png.',
    'Tambien puedes abrir el portal web local para verlo.'
  ]
}
⚡⚡ ACCIÓN REQUERIDA ⚡⚡
Debes escanear el QR generado en bot.qr.png.
Tambien puedes abrir el portal web local para verlo.

Accion requerida: {
  instructions: [
    'Debes escanear el QR generado en bot.qr.png.',
    'Tambien puedes abrir el portal web local para verlo.'
  ]
}
⚡⚡ ACCIÓN REQUERIDA ⚡⚡
Debes escanear el QR generado en bot.qr.png.
Tambien puedes abrir el portal web local para verlo.

Accion requerida: {
  instructions: [
    'Debes escanear el QR generado en bot.qr.png.',
    'Tambien puedes abrir el portal web local para verlo.'
  ]
}
⚡⚡ ACCIÓN REQUERIDA ⚡⚡
Debes escanear el QR generado en bot.qr.png.
Tambien puedes abrir el portal web local para verlo.

Aviso del proveedor: Conexion cerrada temporalmente. Codigo: 408
Conexion cerrada temporalmente. Codigo: 408

Accion requerida: {
  instructions: [
    'Debes escanear el QR generado en bot.qr.png.',
    'Tambien puedes abrir el portal web local para verlo.'
  ]
}
⚡⚡ ACCIÓN REQUERIDA ⚡⚡
Debes escanear el QR generado en bot.qr.png.
Tambien puedes abrir el portal web local para verlo.

Accion requerida: {
  instructions: [
    'Debes escanear el QR generado en bot.qr.png.',
    'Tambien puedes abrir el portal web local para verlo.'
  ]
}
⚡⚡ ACCIÓN REQUERIDA ⚡⚡
Debes escanear el QR generado en bot.qr.png.
Tambien puedes abrir el portal web local para verlo.

Accion requerida: {
  instructions: [
    'Debes escanear el QR generado en bot.qr.png.',
    'Tambien puedes abrir el portal web local para verlo.'
  ]
}
⚡⚡ ACCIÓN REQUERIDA ⚡⚡
Debes escanear el QR generado en bot.qr.png.
Tambien puedes abrir el portal web local para verlo.

Accion requerida: {
  instructions: [
    'Debes escanear el QR generado en bot.qr.png.',
    'Tambien puedes abrir el portal web local para verlo.'
  ]
}
⚡⚡ ACCIÓN REQUERIDA ⚡⚡
Debes escanear el QR generado en bot.qr.png.
Tambien puedes abrir el portal web local para verlo.

Accion requerida: {
  instructions: [
    'Debes escanear el QR generado en bot.qr.png.',
    'Tambien puedes abrir el portal web local para verlo.'
  ]
}
⚡⚡ ACCIÓN REQUERIDA ⚡⚡
Debes escanear el QR generado en bot.qr.png.
Tambien puedes abrir el portal web local para verlo.

Accion requerida: {
  instructions: [
    'Debes escanear el QR generado en bot.qr.png.',
    'Tambien puedes abrir el portal web local para verlo.'
  ]
}
⚡⚡ ACCIÓN REQUERIDA ⚡⚡
Debes escanear el QR generado en bot.qr.png.
Tambien puedes abrir el portal web local para verlo.

Aviso del proveedor: Conexion cerrada temporalmente. Codigo: 408
Conexion cerrada temporalmente. Codigo: 408

Accion requerida: {
  instructions: [
    'Debes escanear el QR generado en bot.qr.png.',
    'Tambien puedes abrir el portal web local para verlo.'
  ]
}
⚡⚡ ACCIÓN REQUERIDA ⚡⚡
Debes escanear el QR generado en bot.qr.png.
Tambien puedes abrir el portal web local para verlo.

Aviso del proveedor: Conexion cerrada temporalmente. Codigo: 515
Conexion cerrada temporalmente. Codigo: 515

Proveedor listo y conectado.
Proveedor conectado y listo

Aviso del proveedor: [NOTA]: Actualmente enviar botones no esta disponible con este proveedor
[NOTA]: esta funcion esta disponible con Meta o Twilio
[NOTA]: Actualmente enviar botones no esta disponible con este proveedor
[NOTA]: esta funcion esta disponible con Meta o Twilio

Aviso del proveedor: Conexion cerrada temporalmente. Codigo: 500
Conexion cerrada temporalmente. Codigo: 500

Proveedor listo y conectado.
Proveedor conectado y listo

node:internal/process/promises:392
      new UnhandledPromiseRejection(reason);
      ^

UnhandledPromiseRejection: This error originated either by throwing inside of an async function without a catch block, or by rejecting a promise which was not handled with .catch(). The promise rejected with the reason "undefined".
    at throwUnhandledRejectionsMode (node:internal/process/promises:392:7)
    at processPromiseRejections (node:internal/process/promises:475:17)
    at process.processTicksAndRejections (node:internal/process/task_queues:105:32) {
  code: 'ERR_UNHANDLED_REJECTION'
}

Node.js v24.14.1
